{"F:\\Danny\\Coding Bootcamp\\my-todolist\\src\\App.tsx": {"path":"F:\\Danny\\Coding Bootcamp\\my-todolist\\src\\App.tsx","statementMap":{"0":{"start":{"line":1,"column":0},"end":{"line":1,"column":43}},"1":{"start":{"line":2,"column":0},"end":{"line":2,"column":30}},"2":{"start":{"line":3,"column":0},"end":{"line":3,"column":36}},"3":{"start":{"line":4,"column":0},"end":{"line":4,"column":47}},"4":{"start":{"line":5,"column":0},"end":{"line":5,"column":18}},"5":{"start":{"line":6,"column":0},"end":{"line":6,"column":66}},"6":{"start":{"line":8,"column":0},"end":{"line":8,"column":69}},"7":{"start":{"line":18,"column":28},"end":{"line":18,"column":52}},"8":{"start":{"line":18,"column":49},"end":{"line":18,"column":51}},"9":{"start":{"line":19,"column":32},"end":{"line":19,"column":52}},"10":{"start":{"line":20,"column":46},"end":{"line":20,"column":70}},"11":{"start":{"line":21,"column":34},"end":{"line":21,"column":58}},"12":{"start":{"line":22,"column":30},"end":{"line":22,"column":50}},"13":{"start":{"line":23,"column":32},"end":{"line":23,"column":52}},"14":{"start":{"line":24,"column":17},"end":{"line":24,"column":41}},"15":{"start":{"line":25,"column":22},"end":{"line":25,"column":68}},"16":{"start":{"line":27,"column":2},"end":{"line":41,"column":null}},"17":{"start":{"line":28,"column":4},"end":{"line":40,"column":7}},"18":{"start":{"line":29,"column":6},"end":{"line":39,"column":null}},"19":{"start":{"line":30,"column":28},"end":{"line":30,"column":36}},"20":{"start":{"line":31,"column":8},"end":{"line":31,"column":null}},"21":{"start":{"line":32,"column":8},"end":{"line":32,"column":null}},"22":{"start":{"line":33,"column":8},"end":{"line":33,"column":null}},"23":{"start":{"line":35,"column":8},"end":{"line":35,"column":null}},"24":{"start":{"line":36,"column":8},"end":{"line":36,"column":null}},"25":{"start":{"line":37,"column":8},"end":{"line":37,"column":null}},"26":{"start":{"line":44,"column":2},"end":{"line":50,"column":17}},"27":{"start":{"line":45,"column":4},"end":{"line":49,"column":null}},"28":{"start":{"line":46,"column":6},"end":{"line":48,"column":null}},"29":{"start":{"line":47,"column":8},"end":{"line":47,"column":null}},"30":{"start":{"line":53,"column":2},"end":{"line":58,"column":17}},"31":{"start":{"line":54,"column":4},"end":{"line":54,"column":24}},"32":{"start":{"line":54,"column":18},"end":{"line":54,"column":24}},"33":{"start":{"line":55,"column":4},"end":{"line":57,"column":null}},"34":{"start":{"line":56,"column":6},"end":{"line":56,"column":null}},"35":{"start":{"line":60,"column":23},"end":{"line":69,"column":4}},"36":{"start":{"line":61,"column":4},"end":{"line":62,"column":null}},"37":{"start":{"line":72,"column":4},"end":{"line":72,"column":null}},"38":{"start":{"line":73,"column":4},"end":{"line":82,"column":null}},"39":{"start":{"line":74,"column":28},"end":{"line":74,"column":73}},"40":{"start":{"line":75,"column":6},"end":{"line":75,"column":null}},"41":{"start":{"line":75,"column":28},"end":{"line":75,"column":51}},"42":{"start":{"line":76,"column":6},"end":{"line":76,"column":null}},"43":{"start":{"line":78,"column":6},"end":{"line":78,"column":null}},"44":{"start":{"line":79,"column":6},"end":{"line":81,"column":null}},"45":{"start":{"line":80,"column":8},"end":{"line":80,"column":null}},"46":{"start":{"line":87,"column":4},"end":{"line":87,"column":24}},"47":{"start":{"line":87,"column":18},"end":{"line":87,"column":24}},"48":{"start":{"line":88,"column":41},"end":{"line":88,"column":43}},"49":{"start":{"line":89,"column":4},"end":{"line":89,"column":48}},"50":{"start":{"line":90,"column":4},"end":{"line":90,"column":35}},"51":{"start":{"line":93,"column":2},"end":{"line":96,"column":null}},"52":{"start":{"line":94,"column":4},"end":{"line":94,"column":24}},"53":{"start":{"line":94,"column":18},"end":{"line":94,"column":24}},"54":{"start":{"line":95,"column":4},"end":{"line":95,"column":null}},"55":{"start":{"line":99,"column":4},"end":{"line":99,"column":null}},"56":{"start":{"line":103,"column":16},"end":{"line":103,"column":47}},"57":{"start":{"line":104,"column":4},"end":{"line":106,"column":null}},"58":{"start":{"line":104,"column":26},"end":{"line":106,"column":6}},"59":{"start":{"line":105,"column":6},"end":{"line":105,"column":null}},"60":{"start":{"line":110,"column":16},"end":{"line":110,"column":47}},"61":{"start":{"line":111,"column":4},"end":{"line":114,"column":null}},"62":{"start":{"line":112,"column":21},"end":{"line":112,"column":60}},"63":{"start":{"line":112,"column":46},"end":{"line":112,"column":59}},"64":{"start":{"line":113,"column":6},"end":{"line":113,"column":null}},"65":{"start":{"line":118,"column":4},"end":{"line":118,"column":null}},"66":{"start":{"line":122,"column":4},"end":{"line":131,"column":7}},"67":{"start":{"line":123,"column":8},"end":{"line":123,"column":null}},"68":{"start":{"line":124,"column":8},"end":{"line":124,"column":null}},"69":{"start":{"line":125,"column":8},"end":{"line":125,"column":null}},"70":{"start":{"line":126,"column":8},"end":{"line":126,"column":null}},"71":{"start":{"line":128,"column":26},"end":{"line":128,"column":36}},"72":{"start":{"line":129,"column":29},"end":{"line":129,"column":42}},"73":{"start":{"line":130,"column":8},"end":{"line":130,"column":null}},"74":{"start":{"line":134,"column":23},"end":{"line":134,"column":57}},"75":{"start":{"line":134,"column":44},"end":{"line":134,"column":56}},"76":{"start":{"line":135,"column":30},"end":{"line":135,"column":150}},"77":{"start":{"line":137,"column":4},"end":{"line":140,"column":null}},"78":{"start":{"line":138,"column":21},"end":{"line":138,"column":60}},"79":{"start":{"line":138,"column":46},"end":{"line":138,"column":59}},"80":{"start":{"line":139,"column":6},"end":{"line":139,"column":null}},"81":{"start":{"line":144,"column":34},"end":{"line":144,"column":58}},"82":{"start":{"line":145,"column":42},"end":{"line":145,"column":83}},"83":{"start":{"line":147,"column":4},"end":{"line":147,"column":null}},"84":{"start":{"line":147,"column":32},"end":{"line":147,"column":45}},"85":{"start":{"line":148,"column":4},"end":{"line":148,"column":null}},"86":{"start":{"line":153,"column":2},"end":{"line":190,"column":null}},"87":{"start":{"line":193,"column":0},"end":{"line":193,"column":null}}},"fnMap":{"0":{"name":"App","decl":{"start":{"line":17,"column":9},"end":{"line":17,"column":12}},"loc":{"start":{"line":17,"column":12},"end":{"line":191,"column":1}}},"1":{"name":"(anonymous_1)","decl":{"start":{"line":18,"column":45},"end":{"line":18,"column":47}},"loc":{"start":{"line":18,"column":49},"end":{"line":18,"column":51}}},"2":{"name":"(anonymous_2)","decl":{"start":{"line":27,"column":12},"end":{"line":27,"column":15}},"loc":{"start":{"line":27,"column":17},"end":{"line":41,"column":3}}},"3":{"name":"(anonymous_3)","decl":{"start":{"line":28,"column":29},"end":{"line":28,"column":30}},"loc":{"start":{"line":28,"column":50},"end":{"line":40,"column":5}}},"4":{"name":"(anonymous_4)","decl":{"start":{"line":44,"column":12},"end":{"line":44,"column":15}},"loc":{"start":{"line":44,"column":17},"end":{"line":50,"column":3}}},"5":{"name":"(anonymous_5)","decl":{"start":{"line":46,"column":28},"end":{"line":46,"column":29}},"loc":{"start":{"line":46,"column":55},"end":{"line":48,"column":7}}},"6":{"name":"(anonymous_6)","decl":{"start":{"line":53,"column":12},"end":{"line":53,"column":15}},"loc":{"start":{"line":53,"column":17},"end":{"line":58,"column":3}}},"7":{"name":"(anonymous_7)","decl":{"start":{"line":55,"column":25},"end":{"line":55,"column":26}},"loc":{"start":{"line":55,"column":52},"end":{"line":57,"column":5}}},"8":{"name":"(anonymous_8)","decl":{"start":{"line":60,"column":33},"end":{"line":60,"column":34}},"loc":{"start":{"line":61,"column":4},"end":{"line":62,"column":null}}},"9":{"name":"createNewToDo","decl":{"start":{"line":71,"column":11},"end":{"line":71,"column":24}},"loc":{"start":{"line":71,"column":64},"end":{"line":83,"column":3}}},"10":{"name":"(anonymous_10)","decl":{"start":{"line":75,"column":15},"end":{"line":75,"column":24}},"loc":{"start":{"line":75,"column":28},"end":{"line":75,"column":51}}},"11":{"name":"(anonymous_11)","decl":{"start":{"line":79,"column":17},"end":{"line":79,"column":19}},"loc":{"start":{"line":79,"column":21},"end":{"line":81,"column":7}}},"12":{"name":"writeNewToDo","decl":{"start":{"line":86,"column":11},"end":{"line":86,"column":23}},"loc":{"start":{"line":86,"column":40},"end":{"line":91,"column":3}}},"13":{"name":"(anonymous_13)","decl":{"start":{"line":93,"column":12},"end":{"line":93,"column":15}},"loc":{"start":{"line":93,"column":17},"end":{"line":96,"column":3}}},"14":{"name":"updatNewText","decl":{"start":{"line":98,"column":11},"end":{"line":98,"column":23}},"loc":{"start":{"line":98,"column":66},"end":{"line":100,"column":3}}},"15":{"name":"handleChecked","decl":{"start":{"line":102,"column":11},"end":{"line":102,"column":24}},"loc":{"start":{"line":102,"column":67},"end":{"line":107,"column":3}}},"16":{"name":"(anonymous_16)","decl":{"start":{"line":104,"column":13},"end":{"line":104,"column":22}},"loc":{"start":{"line":104,"column":26},"end":{"line":106,"column":6}}},"17":{"name":"(anonymous_17)","decl":{"start":{"line":104,"column":40},"end":{"line":104,"column":44}},"loc":{"start":{"line":104,"column":47},"end":{"line":106,"column":5}}},"18":{"name":"deleteTask","decl":{"start":{"line":109,"column":11},"end":{"line":109,"column":21}},"loc":{"start":{"line":109,"column":58},"end":{"line":115,"column":3}}},"19":{"name":"(anonymous_19)","decl":{"start":{"line":111,"column":13},"end":{"line":111,"column":22}},"loc":{"start":{"line":111,"column":25},"end":{"line":114,"column":5}}},"20":{"name":"(anonymous_20)","decl":{"start":{"line":112,"column":38},"end":{"line":112,"column":42}},"loc":{"start":{"line":112,"column":46},"end":{"line":112,"column":59}}},"21":{"name":"handleReset","decl":{"start":{"line":117,"column":11},"end":{"line":117,"column":22}},"loc":{"start":{"line":117,"column":22},"end":{"line":119,"column":3}}},"22":{"name":"handleSignOut","decl":{"start":{"line":121,"column":11},"end":{"line":121,"column":24}},"loc":{"start":{"line":121,"column":24},"end":{"line":132,"column":1}}},"23":{"name":"(anonymous_23)","decl":{"start":{"line":122,"column":23},"end":{"line":122,"column":26}},"loc":{"start":{"line":122,"column":28},"end":{"line":127,"column":5}}},"24":{"name":"(anonymous_24)","decl":{"start":{"line":127,"column":13},"end":{"line":127,"column":14}},"loc":{"start":{"line":127,"column":23},"end":{"line":131,"column":5}}},"25":{"name":"(anonymous_25)","decl":{"start":{"line":134,"column":36},"end":{"line":134,"column":40}},"loc":{"start":{"line":134,"column":44},"end":{"line":134,"column":56}}},"26":{"name":"deleteChecked","decl":{"start":{"line":136,"column":11},"end":{"line":136,"column":24}},"loc":{"start":{"line":136,"column":24},"end":{"line":141,"column":3}}},"27":{"name":"(anonymous_27)","decl":{"start":{"line":137,"column":13},"end":{"line":137,"column":22}},"loc":{"start":{"line":137,"column":25},"end":{"line":140,"column":5}}},"28":{"name":"(anonymous_28)","decl":{"start":{"line":138,"column":38},"end":{"line":138,"column":42}},"loc":{"start":{"line":138,"column":46},"end":{"line":138,"column":59}}},"29":{"name":"toggleDarkMode","decl":{"start":{"line":146,"column":11},"end":{"line":146,"column":25}},"loc":{"start":{"line":146,"column":25},"end":{"line":149,"column":3}}},"30":{"name":"(anonymous_30)","decl":{"start":{"line":147,"column":16},"end":{"line":147,"column":28}},"loc":{"start":{"line":147,"column":32},"end":{"line":147,"column":45}}}},"branchMap":{"0":{"loc":{"start":{"line":29,"column":6},"end":{"line":39,"column":null}},"type":"if","locations":[{"start":{"line":29,"column":6},"end":{"line":39,"column":null}},{"start":{"line":34,"column":13},"end":{"line":39,"column":null}}]},"1":{"loc":{"start":{"line":31,"column":16},"end":{"line":31,"column":61}},"type":"cond-expr","locations":[{"start":{"line":31,"column":35},"end":{"line":31,"column":51}},{"start":{"line":31,"column":54},"end":{"line":31,"column":61}}]},"2":{"loc":{"start":{"line":45,"column":4},"end":{"line":49,"column":null}},"type":"if","locations":[{"start":{"line":45,"column":4},"end":{"line":49,"column":null}}]},"3":{"loc":{"start":{"line":47,"column":8},"end":{"line":47,"column":67}},"type":"cond-expr","locations":[{"start":{"line":47,"column":28},"end":{"line":47,"column":52}},{"start":{"line":47,"column":55},"end":{"line":47,"column":67}}]},"4":{"loc":{"start":{"line":54,"column":4},"end":{"line":54,"column":24}},"type":"if","locations":[{"start":{"line":54,"column":4},"end":{"line":54,"column":24}}]},"5":{"loc":{"start":{"line":56,"column":6},"end":{"line":56,"column":65}},"type":"cond-expr","locations":[{"start":{"line":56,"column":26},"end":{"line":56,"column":50}},{"start":{"line":56,"column":53},"end":{"line":56,"column":65}}]},"6":{"loc":{"start":{"line":73,"column":4},"end":{"line":82,"column":null}},"type":"if","locations":[{"start":{"line":73,"column":4},"end":{"line":82,"column":null}},{"start":{"line":77,"column":11},"end":{"line":82,"column":null}}]},"7":{"loc":{"start":{"line":87,"column":4},"end":{"line":87,"column":24}},"type":"if","locations":[{"start":{"line":87,"column":4},"end":{"line":87,"column":24}}]},"8":{"loc":{"start":{"line":94,"column":4},"end":{"line":94,"column":24}},"type":"if","locations":[{"start":{"line":94,"column":4},"end":{"line":94,"column":24}}]},"9":{"loc":{"start":{"line":105,"column":13},"end":{"line":105,"column":70}},"type":"cond-expr","locations":[{"start":{"line":105,"column":30},"end":{"line":105,"column":63}},{"start":{"line":105,"column":66},"end":{"line":105,"column":70}}]},"10":{"loc":{"start":{"line":135,"column":30},"end":{"line":135,"column":150}},"type":"cond-expr","locations":[{"start":{"line":135,"column":56},"end":{"line":135,"column":143}},{"start":{"line":135,"column":146},"end":{"line":135,"column":150}}]},"11":{"loc":{"start":{"line":148,"column":4},"end":{"line":148,"column":99}},"type":"cond-expr","locations":[{"start":{"line":148,"column":15},"end":{"line":148,"column":55}},{"start":{"line":148,"column":58},"end":{"line":148,"column":99}}]},"12":{"loc":{"start":{"line":154,"column":27},"end":{"line":154,"column":49}},"type":"cond-expr","locations":[{"start":{"line":154,"column":38},"end":{"line":154,"column":44}},{"start":{"line":154,"column":47},"end":{"line":154,"column":49}}]},"13":{"loc":{"start":{"line":156,"column":7},"end":{"line":156,"column":133}},"type":"cond-expr","locations":[{"start":{"line":156,"column":18},"end":{"line":156,"column":126}},{"start":{"line":156,"column":129},"end":{"line":156,"column":133}}]},"14":{"loc":{"start":{"line":157,"column":7},"end":{"line":165,"column":null}},"type":"cond-expr","locations":[{"start":{"line":158,"column":10},"end":{"line":158,"column":14}},{"start":{"line":159,"column":10},"end":{"line":165,"column":null}}]},"15":{"loc":{"start":{"line":168,"column":31},"end":{"line":168,"column":58}},"type":"binary-expr","locations":[{"start":{"line":168,"column":31},"end":{"line":168,"column":39}},{"start":{"line":168,"column":43},"end":{"line":168,"column":58}}]},"16":{"loc":{"start":{"line":171,"column":7},"end":{"line":172,"column":63}},"type":"binary-expr","locations":[{"start":{"line":171,"column":7},"end":{"line":171,"column":21}},{"start":{"line":172,"column":8},"end":{"line":172,"column":63}}]},"17":{"loc":{"start":{"line":180,"column":7},"end":{"line":185,"column":15}},"type":"cond-expr","locations":[{"start":{"line":181,"column":10},"end":{"line":181,"column":22}},{"start":{"line":182,"column":11},"end":{"line":184,"column":null}}]}},"s":{"0":1,"1":1,"2":1,"3":1,"4":1,"5":1,"6":1,"7":1,"8":1,"9":1,"10":1,"11":1,"12":1,"13":1,"14":1,"15":1,"16":1,"17":1,"18":1,"19":0,"20":0,"21":0,"22":0,"23":1,"24":1,"25":1,"26":1,"27":1,"28":0,"29":0,"30":1,"31":1,"32":1,"33":0,"34":0,"35":1,"36":0,"37":0,"38":0,"39":0,"40":0,"41":0,"42":0,"43":0,"44":0,"45":0,"46":0,"47":0,"48":0,"49":0,"50":0,"51":1,"52":1,"53":1,"54":0,"55":0,"56":0,"57":0,"58":0,"59":0,"60":0,"61":0,"62":0,"63":0,"64":0,"65":0,"66":0,"67":0,"68":0,"69":0,"70":0,"71":0,"72":0,"73":0,"74":1,"75":0,"76":1,"77":0,"78":0,"79":0,"80":0,"81":1,"82":1,"83":0,"84":0,"85":0,"86":1,"87":1},"f":{"0":1,"1":1,"2":1,"3":1,"4":1,"5":0,"6":1,"7":0,"8":0,"9":0,"10":0,"11":0,"12":0,"13":1,"14":0,"15":0,"16":0,"17":0,"18":0,"19":0,"20":0,"21":0,"22":0,"23":0,"24":0,"25":0,"26":0,"27":0,"28":0,"29":0,"30":0},"b":{"0":[0,1],"1":[0,0],"2":[0],"3":[0,0],"4":[1],"5":[0,0],"6":[0,0],"7":[0],"8":[1],"9":[0,0],"10":[0,1],"11":[0,0],"12":[0,1],"13":[0,1],"14":[0,1],"15":[1,0],"16":[1,0],"17":[0,1]}}
,"F:\\Danny\\Coding Bootcamp\\my-todolist\\src\\main.tsx": {"path":"F:\\Danny\\Coding Bootcamp\\my-todolist\\src\\main.tsx","statementMap":{"0":{"start":{"line":1,"column":0},"end":{"line":1,"column":39}},"1":{"start":{"line":2,"column":0},"end":{"line":2,"column":23}},"2":{"start":{"line":4,"column":0},"end":{"line":6,"column":null}}},"fnMap":{},"branchMap":{},"s":{"0":0,"1":0,"2":0},"f":{},"b":{}}
,"F:\\Danny\\Coding Bootcamp\\my-todolist\\src\\Components\\AuthModal.tsx": {"path":"F:\\Danny\\Coding Bootcamp\\my-todolist\\src\\Components\\AuthModal.tsx","statementMap":{"0":{"start":{"line":1,"column":0},"end":{"line":1,"column":32}},"1":{"start":{"line":2,"column":0},"end":{"line":2,"column":113}},"2":{"start":{"line":29,"column":44},"end":{"line":29,"column":67}},"3":{"start":{"line":31,"column":85},"end":{"line":33,"column":6}},"4":{"start":{"line":34,"column":85},"end":{"line":36,"column":6}},"5":{"start":{"line":38,"column":44},"end":{"line":38,"column":64}},"6":{"start":{"line":41,"column":34},"end":{"line":41,"column":42}},"7":{"start":{"line":42,"column":27},"end":{"line":42,"column":40}},"8":{"start":{"line":43,"column":8},"end":{"line":47,"column":null}},"9":{"start":{"line":44,"column":12},"end":{"line":44,"column":null}},"10":{"start":{"line":44,"column":47},"end":{"line":44,"column":79}},"11":{"start":{"line":46,"column":12},"end":{"line":46,"column":null}},"12":{"start":{"line":46,"column":47},"end":{"line":46,"column":79}},"13":{"start":{"line":51,"column":8},"end":{"line":51,"column":null}},"14":{"start":{"line":52,"column":8},"end":{"line":69,"column":15}},"15":{"start":{"line":55,"column":29},"end":{"line":55,"column":48}},"16":{"start":{"line":56,"column":16},"end":{"line":56,"column":null}},"17":{"start":{"line":57,"column":16},"end":{"line":57,"column":null}},"18":{"start":{"line":58,"column":16},"end":{"line":58,"column":null}},"19":{"start":{"line":61,"column":16},"end":{"line":61,"column":63}},"20":{"start":{"line":62,"column":16},"end":{"line":64,"column":null}},"21":{"start":{"line":63,"column":20},"end":{"line":63,"column":null}},"22":{"start":{"line":65,"column":34},"end":{"line":65,"column":44}},"23":{"start":{"line":66,"column":37},"end":{"line":66,"column":50}},"24":{"start":{"line":67,"column":16},"end":{"line":67,"column":null}},"25":{"start":{"line":73,"column":8},"end":{"line":73,"column":null}},"26":{"start":{"line":74,"column":8},"end":{"line":74,"column":null}},"27":{"start":{"line":75,"column":8},"end":{"line":91,"column":11}},"28":{"start":{"line":77,"column":25},"end":{"line":77,"column":44}},"29":{"start":{"line":78,"column":12},"end":{"line":82,"column":null}},"30":{"start":{"line":81,"column":16},"end":{"line":81,"column":null}},"31":{"start":{"line":83,"column":12},"end":{"line":83,"column":null}},"32":{"start":{"line":84,"column":12},"end":{"line":84,"column":null}},"33":{"start":{"line":87,"column":30},"end":{"line":87,"column":40}},"34":{"start":{"line":88,"column":33},"end":{"line":88,"column":46}},"35":{"start":{"line":89,"column":12},"end":{"line":89,"column":null}},"36":{"start":{"line":95,"column":8},"end":{"line":95,"column":null}},"37":{"start":{"line":95,"column":32},"end":{"line":95,"column":37}},"38":{"start":{"line":99,"column":8},"end":{"line":114,"column":11}},"39":{"start":{"line":101,"column":12},"end":{"line":101,"column":null}},"40":{"start":{"line":102,"column":12},"end":{"line":102,"column":null}},"41":{"start":{"line":103,"column":12},"end":{"line":103,"column":null}},"42":{"start":{"line":106,"column":12},"end":{"line":106,"column":59}},"43":{"start":{"line":107,"column":12},"end":{"line":109,"column":null}},"44":{"start":{"line":108,"column":16},"end":{"line":108,"column":null}},"45":{"start":{"line":110,"column":30},"end":{"line":110,"column":40}},"46":{"start":{"line":111,"column":33},"end":{"line":111,"column":46}},"47":{"start":{"line":112,"column":12},"end":{"line":112,"column":null}},"48":{"start":{"line":117,"column":2},"end":{"line":153,"column":null}},"49":{"start":{"line":28,"column":0},"end":{"line":28,"column":24}}},"fnMap":{"0":{"name":"AuthModal","decl":{"start":{"line":28,"column":24},"end":{"line":28,"column":33}},"loc":{"start":{"line":28,"column":46},"end":{"line":154,"column":1}}},"1":{"name":"handleChange","decl":{"start":{"line":40,"column":13},"end":{"line":40,"column":25}},"loc":{"start":{"line":40,"column":64},"end":{"line":48,"column":5}}},"2":{"name":"(anonymous_2)","decl":{"start":{"line":44,"column":30},"end":{"line":44,"column":42}},"loc":{"start":{"line":44,"column":47},"end":{"line":44,"column":79}}},"3":{"name":"(anonymous_3)","decl":{"start":{"line":46,"column":30},"end":{"line":46,"column":42}},"loc":{"start":{"line":46,"column":47},"end":{"line":46,"column":79}}},"4":{"name":"processSignInFormData","decl":{"start":{"line":50,"column":13},"end":{"line":50,"column":34}},"loc":{"start":{"line":50,"column":70},"end":{"line":70,"column":5}}},"5":{"name":"(anonymous_5)","decl":{"start":{"line":53,"column":18},"end":{"line":53,"column":19}},"loc":{"start":{"line":53,"column":37},"end":{"line":59,"column":13}}},"6":{"name":"(anonymous_6)","decl":{"start":{"line":60,"column":19},"end":{"line":60,"column":20}},"loc":{"start":{"line":60,"column":29},"end":{"line":69,"column":13}}},"7":{"name":"(anonymous_7)","decl":{"start":{"line":62,"column":27},"end":{"line":62,"column":30}},"loc":{"start":{"line":62,"column":32},"end":{"line":64,"column":17}}},"8":{"name":"processSignUpFormData","decl":{"start":{"line":72,"column":13},"end":{"line":72,"column":34}},"loc":{"start":{"line":72,"column":70},"end":{"line":92,"column":5}}},"9":{"name":"(anonymous_9)","decl":{"start":{"line":76,"column":14},"end":{"line":76,"column":15}},"loc":{"start":{"line":76,"column":33},"end":{"line":85,"column":9}}},"10":{"name":"(anonymous_10)","decl":{"start":{"line":80,"column":20},"end":{"line":80,"column":23}},"loc":{"start":{"line":80,"column":25},"end":{"line":82,"column":13}}},"11":{"name":"(anonymous_11)","decl":{"start":{"line":86,"column":15},"end":{"line":86,"column":16}},"loc":{"start":{"line":86,"column":25},"end":{"line":91,"column":9}}},"12":{"name":"switchSignInMethod","decl":{"start":{"line":94,"column":13},"end":{"line":94,"column":31}},"loc":{"start":{"line":94,"column":31},"end":{"line":96,"column":5}}},"13":{"name":"(anonymous_13)","decl":{"start":{"line":95,"column":24},"end":{"line":95,"column":28}},"loc":{"start":{"line":95,"column":32},"end":{"line":95,"column":37}}},"14":{"name":"logInAsGuest","decl":{"start":{"line":98,"column":13},"end":{"line":98,"column":25}},"loc":{"start":{"line":98,"column":25},"end":{"line":115,"column":5}}},"15":{"name":"(anonymous_15)","decl":{"start":{"line":100,"column":14},"end":{"line":100,"column":15}},"loc":{"start":{"line":100,"column":33},"end":{"line":104,"column":9}}},"16":{"name":"(anonymous_16)","decl":{"start":{"line":105,"column":15},"end":{"line":105,"column":16}},"loc":{"start":{"line":105,"column":25},"end":{"line":114,"column":9}}},"17":{"name":"(anonymous_17)","decl":{"start":{"line":107,"column":23},"end":{"line":107,"column":26}},"loc":{"start":{"line":107,"column":28},"end":{"line":109,"column":13}}}},"branchMap":{"0":{"loc":{"start":{"line":43,"column":8},"end":{"line":47,"column":null}},"type":"if","locations":[{"start":{"line":43,"column":8},"end":{"line":47,"column":null}},{"start":{"line":45,"column":15},"end":{"line":47,"column":null}}]},"1":{"loc":{"start":{"line":121,"column":21},"end":{"line":143,"column":null}},"type":"cond-expr","locations":[{"start":{"line":122,"column":24},"end":{"line":131,"column":null}},{"start":{"line":133,"column":24},"end":{"line":143,"column":null}}]},"2":{"loc":{"start":{"line":129,"column":61},"end":{"line":129,"column":99}},"type":"cond-expr","locations":[{"start":{"line":129,"column":76},"end":{"line":129,"column":88}},{"start":{"line":129,"column":91},"end":{"line":129,"column":99}}]},"3":{"loc":{"start":{"line":147,"column":23},"end":{"line":147,"column":217}},"type":"cond-expr","locations":[{"start":{"line":147,"column":38},"end":{"line":147,"column":123}},{"start":{"line":147,"column":126},"end":{"line":147,"column":217}}]},"4":{"loc":{"start":{"line":148,"column":23},"end":{"line":148,"column":111}},"type":"binary-expr","locations":[{"start":{"line":148,"column":23},"end":{"line":148,"column":35}},{"start":{"line":148,"column":39},"end":{"line":148,"column":111}}]}},"s":{"0":1,"1":1,"2":1,"3":1,"4":1,"5":1,"6":0,"7":0,"8":0,"9":0,"10":0,"11":0,"12":0,"13":0,"14":0,"15":0,"16":0,"17":0,"18":0,"19":0,"20":0,"21":0,"22":0,"23":0,"24":0,"25":0,"26":0,"27":0,"28":0,"29":0,"30":0,"31":0,"32":0,"33":0,"34":0,"35":0,"36":0,"37":0,"38":0,"39":0,"40":0,"41":0,"42":0,"43":0,"44":0,"45":0,"46":0,"47":0,"48":1,"49":1},"f":{"0":1,"1":0,"2":0,"3":0,"4":0,"5":0,"6":0,"7":0,"8":0,"9":0,"10":0,"11":0,"12":0,"13":0,"14":0,"15":0,"16":0,"17":0},"b":{"0":[0,0],"1":[1,0],"2":[0,1],"3":[1,0],"4":[1,1]}}
,"F:\\Danny\\Coding Bootcamp\\my-todolist\\src\\Components\\Task.tsx": {"path":"F:\\Danny\\Coding Bootcamp\\my-todolist\\src\\Components\\Task.tsx","statementMap":{"0":{"start":{"line":12,"column":38},"end":{"line":14,"column":null}},"1":{"start":{"line":16,"column":24},"end":{"line":16,"column":120}},"2":{"start":{"line":18,"column":2},"end":{"line":30,"column":null}},"3":{"start":{"line":10,"column":0},"end":{"line":10,"column":24}}},"fnMap":{"0":{"name":"Task","decl":{"start":{"line":10,"column":24},"end":{"line":10,"column":28}},"loc":{"start":{"line":10,"column":41},"end":{"line":31,"column":1}}}},"branchMap":{"0":{"loc":{"start":{"line":13,"column":20},"end":{"line":13,"column":62}},"type":"cond-expr","locations":[{"start":{"line":13,"column":36},"end":{"line":13,"column":50}},{"start":{"line":13,"column":53},"end":{"line":13,"column":62}}]},"1":{"loc":{"start":{"line":28,"column":9},"end":{"line":28,"column":44}},"type":"cond-expr","locations":[{"start":{"line":28,"column":25},"end":{"line":28,"column":37}},{"start":{"line":28,"column":40},"end":{"line":28,"column":44}}]}},"s":{"0":0,"1":0,"2":0,"3":1},"f":{"0":0},"b":{"0":[0,0],"1":[0,0]}}
}
