TN:
SF:src\App.tsx
FN:17,App
FN:18,(anonymous_1)
FN:27,(anonymous_2)
FN:28,(anonymous_3)
FN:44,(anonymous_4)
FN:46,(anonymous_5)
FN:53,(anonymous_6)
FN:55,(anonymous_7)
FN:60,(anonymous_8)
FN:71,createNewToDo
FN:75,(anonymous_10)
FN:79,(anonymous_11)
FN:86,writeNewToDo
FN:93,(anonymous_13)
FN:98,updatNewText
FN:102,handleChecked
FN:104,(anonymous_16)
FN:104,(anonymous_17)
FN:109,deleteTask
FN:111,(anonymous_19)
FN:112,(anonymous_20)
FN:117,handleReset
FN:121,handleSignOut
FN:122,(anonymous_23)
FN:127,(anonymous_24)
FN:134,(anonymous_25)
FN:136,deleteChecked
FN:137,(anonymous_27)
FN:138,(anonymous_28)
FN:146,toggleDarkMode
FN:147,(anonymous_30)
FNF:31
FNH:7
FNDA:3,App
FNDA:3,(anonymous_1)
FNDA:3,(anonymous_2)
FNDA:3,(anonymous_3)
FNDA:3,(anonymous_4)
FNDA:0,(anonymous_5)
FNDA:3,(anonymous_6)
FNDA:0,(anonymous_7)
FNDA:0,(anonymous_8)
FNDA:0,createNewToDo
FNDA:0,(anonymous_10)
FNDA:0,(anonymous_11)
FNDA:0,writeNewToDo
FNDA:3,(anonymous_13)
FNDA:0,updatNewText
FNDA:0,handleChecked
FNDA:0,(anonymous_16)
FNDA:0,(anonymous_17)
FNDA:0,deleteTask
FNDA:0,(anonymous_19)
FNDA:0,(anonymous_20)
FNDA:0,handleReset
FNDA:0,handleSignOut
FNDA:0,(anonymous_23)
FNDA:0,(anonymous_24)
FNDA:0,(anonymous_25)
FNDA:0,deleteChecked
FNDA:0,(anonymous_27)
FNDA:0,(anonymous_28)
FNDA:0,toggleDarkMode
FNDA:0,(anonymous_30)
DA:1,1
DA:2,1
DA:3,1
DA:4,1
DA:5,1
DA:6,1
DA:8,1
DA:18,3
DA:19,3
DA:20,3
DA:21,3
DA:22,3
DA:23,3
DA:24,3
DA:25,3
DA:27,3
DA:28,3
DA:29,3
DA:30,0
DA:31,0
DA:32,0
DA:33,0
DA:35,3
DA:36,3
DA:37,3
DA:44,3
DA:45,3
DA:46,0
DA:47,0
DA:53,3
DA:54,3
DA:55,0
DA:56,0
DA:60,3
DA:61,0
DA:72,0
DA:73,0
DA:74,0
DA:75,0
DA:76,0
DA:78,0
DA:79,0
DA:80,0
DA:87,0
DA:88,0
DA:89,0
DA:90,0
DA:93,3
DA:94,3
DA:95,0
DA:99,0
DA:103,0
DA:104,0
DA:105,0
DA:110,0
DA:111,0
DA:112,0
DA:113,0
DA:118,0
DA:122,0
DA:123,0
DA:124,0
DA:125,0
DA:126,0
DA:128,0
DA:129,0
DA:130,0
DA:134,3
DA:135,3
DA:137,0
DA:138,0
DA:139,0
DA:144,3
DA:145,3
DA:147,0
DA:148,0
DA:153,3
DA:194,1
LF:78
LH:34
BRDA:29,0,0,0
BRDA:29,0,1,3
BRDA:31,1,0,0
BRDA:31,1,1,0
BRDA:45,2,0,0
BRDA:47,3,0,0
BRDA:47,3,1,0
BRDA:54,4,0,3
BRDA:56,5,0,0
BRDA:56,5,1,0
BRDA:73,6,0,0
BRDA:73,6,1,0
BRDA:87,7,0,0
BRDA:94,8,0,3
BRDA:105,9,0,0
BRDA:105,9,1,0
BRDA:135,10,0,0
BRDA:135,10,1,3
BRDA:148,11,0,0
BRDA:148,11,1,0
BRDA:154,12,0,3
BRDA:154,12,1,0
BRDA:155,13,0,3
BRDA:155,13,1,0
BRDA:157,14,0,0
BRDA:157,14,1,3
BRDA:158,15,0,0
BRDA:158,15,1,3
BRDA:169,16,0,3
BRDA:169,16,1,0
BRDA:172,17,0,3
BRDA:172,17,1,0
BRDA:181,18,0,0
BRDA:181,18,1,3
BRF:34
BRH:11
end_of_record
TN:
SF:src\main.tsx
FNF:0
FNH:0
DA:1,0
DA:2,0
DA:4,0
LF:3
LH:0
BRF:0
BRH:0
end_of_record
TN:
SF:src\Components\AuthModal.tsx
FN:28,AuthModal
FN:40,handleChange
FN:44,(anonymous_2)
FN:46,(anonymous_3)
FN:50,processSignInFormData
FN:53,(anonymous_5)
FN:60,(anonymous_6)
FN:62,(anonymous_7)
FN:72,processSignUpFormData
FN:76,(anonymous_9)
FN:80,(anonymous_10)
FN:86,(anonymous_11)
FN:94,switchSignInMethod
FN:95,(anonymous_13)
FN:98,logInAsGuest
FN:100,(anonymous_15)
FN:105,(anonymous_16)
FN:107,(anonymous_17)
FNF:18
FNH:1
FNDA:3,AuthModal
FNDA:0,handleChange
FNDA:0,(anonymous_2)
FNDA:0,(anonymous_3)
FNDA:0,processSignInFormData
FNDA:0,(anonymous_5)
FNDA:0,(anonymous_6)
FNDA:0,(anonymous_7)
FNDA:0,processSignUpFormData
FNDA:0,(anonymous_9)
FNDA:0,(anonymous_10)
FNDA:0,(anonymous_11)
FNDA:0,switchSignInMethod
FNDA:0,(anonymous_13)
FNDA:0,logInAsGuest
FNDA:0,(anonymous_15)
FNDA:0,(anonymous_16)
FNDA:0,(anonymous_17)
DA:1,1
DA:2,1
DA:28,1
DA:29,3
DA:31,3
DA:34,3
DA:38,3
DA:41,0
DA:42,0
DA:43,0
DA:44,0
DA:46,0
DA:51,0
DA:52,0
DA:55,0
DA:56,0
DA:57,0
DA:58,0
DA:61,0
DA:62,0
DA:63,0
DA:65,0
DA:66,0
DA:67,0
DA:73,0
DA:74,0
DA:75,0
DA:77,0
DA:78,0
DA:81,0
DA:83,0
DA:84,0
DA:87,0
DA:88,0
DA:89,0
DA:95,0
DA:99,0
DA:101,0
DA:102,0
DA:103,0
DA:106,0
DA:107,0
DA:108,0
DA:110,0
DA:111,0
DA:112,0
DA:117,3
LF:47
LH:8
BRDA:43,0,0,0
BRDA:43,0,1,0
BRDA:121,1,0,3
BRDA:121,1,1,0
BRDA:129,2,0,0
BRDA:129,2,1,3
BRDA:147,3,0,3
BRDA:147,3,1,0
BRDA:148,4,0,3
BRDA:148,4,1,3
BRF:10
BRH:5
end_of_record
TN:
SF:src\Components\Task.tsx
FN:10,Task
FNF:1
FNH:1
FNDA:7,Task
DA:10,2
DA:12,7
DA:16,7
DA:18,7
LF:4
LH:4
BRDA:13,0,0,4
BRDA:13,0,1,3
BRDA:28,1,0,4
BRDA:28,1,1,3
BRF:4
BRH:4
end_of_record
